{"/home/naty/Documentos/StartDB2024/src/recintos-zoo.js": {"path":"/home/naty/Documentos/StartDB2024/src/recintos-zoo.js","all":false,"statementMap":{"0":{"start":{"line":1,"column":0},"end":{"line":1,"column":58}},"1":{"start":{"line":2,"column":0},"end":{"line":2,"column":67}},"2":{"start":{"line":3,"column":0},"end":{"line":3,"column":0}},"3":{"start":{"line":4,"column":0},"end":{"line":4,"column":19}},"4":{"start":{"line":5,"column":0},"end":{"line":5,"column":0}},"5":{"start":{"line":6,"column":0},"end":{"line":6,"column":41}},"6":{"start":{"line":7,"column":0},"end":{"line":7,"column":48}},"7":{"start":{"line":8,"column":0},"end":{"line":8,"column":83}},"8":{"start":{"line":9,"column":0},"end":{"line":9,"column":0}},"9":{"start":{"line":10,"column":0},"end":{"line":10,"column":32}},"10":{"start":{"line":11,"column":0},"end":{"line":11,"column":38}},"11":{"start":{"line":12,"column":0},"end":{"line":12,"column":9}},"12":{"start":{"line":13,"column":0},"end":{"line":13,"column":0}},"13":{"start":{"line":14,"column":0},"end":{"line":14,"column":83}},"14":{"start":{"line":15,"column":0},"end":{"line":15,"column":0}},"15":{"start":{"line":16,"column":0},"end":{"line":16,"column":45}},"16":{"start":{"line":17,"column":0},"end":{"line":17,"column":46}},"17":{"start":{"line":18,"column":0},"end":{"line":18,"column":8}},"18":{"start":{"line":19,"column":0},"end":{"line":19,"column":0}},"19":{"start":{"line":20,"column":0},"end":{"line":20,"column":61}},"20":{"start":{"line":21,"column":0},"end":{"line":21,"column":112}},"21":{"start":{"line":22,"column":0},"end":{"line":22,"column":9}},"22":{"start":{"line":23,"column":0},"end":{"line":23,"column":0}},"23":{"start":{"line":24,"column":0},"end":{"line":24,"column":178}},"24":{"start":{"line":25,"column":0},"end":{"line":25,"column":53}},"25":{"start":{"line":26,"column":0},"end":{"line":26,"column":0}},"26":{"start":{"line":27,"column":0},"end":{"line":27,"column":78}},"27":{"start":{"line":28,"column":0},"end":{"line":28,"column":57}},"28":{"start":{"line":29,"column":0},"end":{"line":29,"column":51}},"29":{"start":{"line":30,"column":0},"end":{"line":30,"column":45}},"30":{"start":{"line":31,"column":0},"end":{"line":31,"column":10}},"31":{"start":{"line":32,"column":0},"end":{"line":32,"column":182}},"32":{"start":{"line":33,"column":0},"end":{"line":33,"column":15}},"33":{"start":{"line":34,"column":0},"end":{"line":34,"column":181}},"34":{"start":{"line":35,"column":0},"end":{"line":35,"column":8}},"35":{"start":{"line":36,"column":0},"end":{"line":36,"column":5}},"36":{"start":{"line":37,"column":0},"end":{"line":37,"column":0}},"37":{"start":{"line":38,"column":0},"end":{"line":38,"column":1}},"38":{"start":{"line":39,"column":0},"end":{"line":39,"column":0}},"39":{"start":{"line":40,"column":0},"end":{"line":40,"column":38}}},"s":{"0":1,"1":1,"2":1,"3":1,"4":1,"5":1,"6":9,"7":9,"8":9,"9":9,"10":2,"11":2,"12":7,"13":7,"14":7,"15":9,"16":1,"17":1,"18":6,"19":9,"20":1,"21":1,"22":1,"23":1,"24":9,"25":1,"26":1,"27":3,"28":2,"29":2,"30":1,"31":1,"32":5,"33":4,"34":4,"35":9,"36":1,"37":1,"38":1,"39":1},"branchMap":{"0":{"type":"branch","line":6,"loc":{"start":{"line":6,"column":4},"end":{"line":36,"column":5}},"locations":[{"start":{"line":6,"column":4},"end":{"line":36,"column":5}}]},"1":{"type":"branch","line":10,"loc":{"start":{"line":10,"column":31},"end":{"line":12,"column":9}},"locations":[{"start":{"line":10,"column":31},"end":{"line":12,"column":9}}]},"2":{"type":"branch","line":12,"loc":{"start":{"line":12,"column":8},"end":{"line":16,"column":44}},"locations":[{"start":{"line":12,"column":8},"end":{"line":16,"column":44}}]},"3":{"type":"branch","line":16,"loc":{"start":{"line":16,"column":44},"end":{"line":18,"column":8}},"locations":[{"start":{"line":16,"column":44},"end":{"line":18,"column":8}}]},"4":{"type":"branch","line":18,"loc":{"start":{"line":18,"column":7},"end":{"line":20,"column":42}},"locations":[{"start":{"line":18,"column":7},"end":{"line":20,"column":42}}]},"5":{"type":"branch","line":20,"loc":{"start":{"line":20,"column":38},"end":{"line":20,"column":58}},"locations":[{"start":{"line":20,"column":38},"end":{"line":20,"column":58}}]},"6":{"type":"branch","line":20,"loc":{"start":{"line":20,"column":60},"end":{"line":25,"column":8}},"locations":[{"start":{"line":20,"column":60},"end":{"line":25,"column":8}}]},"7":{"type":"branch","line":25,"loc":{"start":{"line":25,"column":8},"end":{"line":35,"column":8}},"locations":[{"start":{"line":25,"column":8},"end":{"line":35,"column":8}}]},"8":{"type":"branch","line":25,"loc":{"start":{"line":25,"column":52},"end":{"line":33,"column":8}},"locations":[{"start":{"line":25,"column":52},"end":{"line":33,"column":8}}]},"9":{"type":"branch","line":33,"loc":{"start":{"line":33,"column":8},"end":{"line":35,"column":8}},"locations":[{"start":{"line":33,"column":8},"end":{"line":35,"column":8}}]},"10":{"type":"branch","line":21,"loc":{"start":{"line":21,"column":63},"end":{"line":21,"column":112}},"locations":[{"start":{"line":21,"column":63},"end":{"line":21,"column":112}}]},"11":{"type":"branch","line":24,"loc":{"start":{"line":24,"column":58},"end":{"line":24,"column":174}},"locations":[{"start":{"line":24,"column":58},"end":{"line":24,"column":174}}]},"12":{"type":"branch","line":27,"loc":{"start":{"line":27,"column":67},"end":{"line":30,"column":45}},"locations":[{"start":{"line":27,"column":67},"end":{"line":30,"column":45}}]},"13":{"type":"branch","line":28,"loc":{"start":{"line":28,"column":54},"end":{"line":30,"column":45}},"locations":[{"start":{"line":28,"column":54},"end":{"line":30,"column":45}}]},"14":{"type":"branch","line":32,"loc":{"start":{"line":32,"column":62},"end":{"line":32,"column":178}},"locations":[{"start":{"line":32,"column":62},"end":{"line":32,"column":178}}]},"15":{"type":"branch","line":34,"loc":{"start":{"line":34,"column":61},"end":{"line":34,"column":177}},"locations":[{"start":{"line":34,"column":61},"end":{"line":34,"column":177}}]}},"b":{"0":[9],"1":[2],"2":[7],"3":[1],"4":[6],"5":[2],"6":[1],"7":[5],"8":[1],"9":[4],"10":[3],"11":[2],"12":[3],"13":[2],"14":[2],"15":[7]},"fnMap":{"0":{"name":"analisaRecintos","decl":{"start":{"line":6,"column":4},"end":{"line":36,"column":5}},"loc":{"start":{"line":6,"column":4},"end":{"line":36,"column":5}},"line":6}},"f":{"0":9}}
,"/home/naty/Documentos/StartDB2024/src/data/animais.js": {"path":"/home/naty/Documentos/StartDB2024/src/data/animais.js","all":false,"statementMap":{"0":{"start":{"line":1,"column":0},"end":{"line":1,"column":17}},"1":{"start":{"line":2,"column":0},"end":{"line":2,"column":59}},"2":{"start":{"line":3,"column":0},"end":{"line":3,"column":63}},"3":{"start":{"line":4,"column":0},"end":{"line":4,"column":61}},"4":{"start":{"line":5,"column":0},"end":{"line":5,"column":74}},"5":{"start":{"line":6,"column":0},"end":{"line":6,"column":62}},"6":{"start":{"line":7,"column":0},"end":{"line":7,"column":73}},"7":{"start":{"line":8,"column":0},"end":{"line":8,"column":2}},"8":{"start":{"line":9,"column":0},"end":{"line":9,"column":0}},"9":{"start":{"line":10,"column":0},"end":{"line":10,"column":23}}},"s":{"0":1,"1":1,"2":1,"3":1,"4":1,"5":1,"6":1,"7":1,"8":1,"9":1},"branchMap":{},"b":{},"fnMap":{},"f":{}}
,"/home/naty/Documentos/StartDB2024/src/data/recintos.js": {"path":"/home/naty/Documentos/StartDB2024/src/data/recintos.js","all":false,"statementMap":{"0":{"start":{"line":1,"column":0},"end":{"line":1,"column":18}},"1":{"start":{"line":2,"column":0},"end":{"line":2,"column":124}},"2":{"start":{"line":3,"column":0},"end":{"line":3,"column":77}},"3":{"start":{"line":4,"column":0},"end":{"line":4,"column":130}},"4":{"start":{"line":5,"column":0},"end":{"line":5,"column":72}},"5":{"start":{"line":6,"column":0},"end":{"line":6,"column":121}},"6":{"start":{"line":7,"column":0},"end":{"line":7,"column":2}},"7":{"start":{"line":8,"column":0},"end":{"line":8,"column":0}},"8":{"start":{"line":9,"column":0},"end":{"line":9,"column":24}}},"s":{"0":1,"1":1,"2":1,"3":1,"4":1,"5":1,"6":1,"7":1,"8":1},"branchMap":{},"b":{},"fnMap":{},"f":{}}
,"/home/naty/Documentos/StartDB2024/src/utils/recintosConfortaveis.js": {"path":"/home/naty/Documentos/StartDB2024/src/utils/recintosConfortaveis.js","all":false,"statementMap":{"0":{"start":{"line":1,"column":0},"end":{"line":1,"column":43}},"1":{"start":{"line":2,"column":0},"end":{"line":2,"column":41}},"2":{"start":{"line":3,"column":0},"end":{"line":3,"column":0}},"3":{"start":{"line":4,"column":0},"end":{"line":4,"column":68}},"4":{"start":{"line":5,"column":0},"end":{"line":5,"column":42}},"5":{"start":{"line":6,"column":0},"end":{"line":6,"column":0}},"6":{"start":{"line":7,"column":0},"end":{"line":7,"column":65}},"7":{"start":{"line":8,"column":0},"end":{"line":8,"column":65}},"8":{"start":{"line":9,"column":0},"end":{"line":9,"column":6}},"9":{"start":{"line":10,"column":0},"end":{"line":10,"column":0}},"10":{"start":{"line":11,"column":0},"end":{"line":11,"column":83}},"11":{"start":{"line":12,"column":0},"end":{"line":12,"column":100}},"12":{"start":{"line":13,"column":0},"end":{"line":13,"column":90}},"13":{"start":{"line":14,"column":0},"end":{"line":14,"column":14}},"14":{"start":{"line":15,"column":0},"end":{"line":15,"column":0}},"15":{"start":{"line":16,"column":0},"end":{"line":16,"column":158}},"16":{"start":{"line":17,"column":0},"end":{"line":17,"column":0}},"17":{"start":{"line":18,"column":0},"end":{"line":18,"column":84}},"18":{"start":{"line":19,"column":0},"end":{"line":19,"column":61}},"19":{"start":{"line":20,"column":0},"end":{"line":20,"column":0}},"20":{"start":{"line":21,"column":0},"end":{"line":21,"column":51}},"21":{"start":{"line":22,"column":0},"end":{"line":22,"column":20}},"22":{"start":{"line":23,"column":0},"end":{"line":23,"column":27}},"23":{"start":{"line":24,"column":0},"end":{"line":24,"column":72}},"24":{"start":{"line":25,"column":0},"end":{"line":25,"column":14}},"25":{"start":{"line":26,"column":0},"end":{"line":26,"column":9}},"26":{"start":{"line":27,"column":0},"end":{"line":27,"column":20}},"27":{"start":{"line":28,"column":0},"end":{"line":28,"column":43}},"28":{"start":{"line":29,"column":0},"end":{"line":29,"column":0}},"29":{"start":{"line":30,"column":0},"end":{"line":30,"column":39}},"30":{"start":{"line":31,"column":0},"end":{"line":31,"column":1}}},"s":{"0":1,"1":1,"2":1,"3":1,"4":7,"5":7,"6":7,"7":35,"8":7,"9":7,"10":7,"11":24,"12":19,"13":24,"14":24,"15":24,"16":24,"17":24,"18":24,"19":24,"20":24,"21":20,"22":20,"23":20,"24":20,"25":20,"26":4,"27":7,"28":7,"29":7,"30":7},"branchMap":{"0":{"type":"branch","line":4,"loc":{"start":{"line":4,"column":36},"end":{"line":31,"column":1}},"locations":[{"start":{"line":4,"column":36},"end":{"line":31,"column":1}}]},"1":{"type":"branch","line":7,"loc":{"start":{"line":7,"column":55},"end":{"line":8,"column":65}},"locations":[{"start":{"line":7,"column":55},"end":{"line":8,"column":65}}]},"2":{"type":"branch","line":8,"loc":{"start":{"line":8,"column":27},"end":{"line":8,"column":64}},"locations":[{"start":{"line":8,"column":27},"end":{"line":8,"column":64}}]},"3":{"type":"branch","line":11,"loc":{"start":{"line":11,"column":71},"end":{"line":28,"column":5}},"locations":[{"start":{"line":11,"column":71},"end":{"line":28,"column":5}}]},"4":{"type":"branch","line":16,"loc":{"start":{"line":16,"column":64},"end":{"line":16,"column":149}},"locations":[{"start":{"line":16,"column":64},"end":{"line":16,"column":149}}]},"5":{"type":"branch","line":16,"loc":{"start":{"line":16,"column":149},"end":{"line":16,"column":153}},"locations":[{"start":{"line":16,"column":149},"end":{"line":16,"column":153}}]},"6":{"type":"branch","line":16,"loc":{"start":{"line":16,"column":153},"end":{"line":16,"column":157}},"locations":[{"start":{"line":16,"column":153},"end":{"line":16,"column":157}}]},"7":{"type":"branch","line":21,"loc":{"start":{"line":21,"column":50},"end":{"line":26,"column":9}},"locations":[{"start":{"line":21,"column":50},"end":{"line":26,"column":9}}]},"8":{"type":"branch","line":26,"loc":{"start":{"line":26,"column":8},"end":{"line":28,"column":5}},"locations":[{"start":{"line":26,"column":8},"end":{"line":28,"column":5}}]},"9":{"type":"branch","line":12,"loc":{"start":{"line":12,"column":63},"end":{"line":14,"column":9}},"locations":[{"start":{"line":12,"column":63},"end":{"line":14,"column":9}}]},"10":{"type":"branch","line":16,"loc":{"start":{"line":16,"column":100},"end":{"line":16,"column":148}},"locations":[{"start":{"line":16,"column":100},"end":{"line":16,"column":148}}]},"11":{"type":"branch","line":28,"loc":{"start":{"line":28,"column":14},"end":{"line":28,"column":41}},"locations":[{"start":{"line":28,"column":14},"end":{"line":28,"column":41}}]}},"b":{"0":[7],"1":[35],"2":[36],"3":[24],"4":[19],"5":[14],"6":[10],"7":[20],"8":[4],"9":[19],"10":[19],"11":[24]},"fnMap":{"0":{"name":"recintosConfortaveis","decl":{"start":{"line":4,"column":36},"end":{"line":31,"column":1}},"loc":{"start":{"line":4,"column":36},"end":{"line":31,"column":1}},"line":4}},"f":{"0":7}}
,"/home/naty/Documentos/StartDB2024/src/utils/verificaCarnivoros.js": {"path":"/home/naty/Documentos/StartDB2024/src/utils/verificaCarnivoros.js","all":false,"statementMap":{"0":{"start":{"line":1,"column":0},"end":{"line":1,"column":65}},"1":{"start":{"line":2,"column":0},"end":{"line":2,"column":41}},"2":{"start":{"line":3,"column":0},"end":{"line":3,"column":0}},"3":{"start":{"line":4,"column":0},"end":{"line":4,"column":59}},"4":{"start":{"line":5,"column":0},"end":{"line":5,"column":73}},"5":{"start":{"line":6,"column":0},"end":{"line":6,"column":0}},"6":{"start":{"line":7,"column":0},"end":{"line":7,"column":36}},"7":{"start":{"line":8,"column":0},"end":{"line":8,"column":52}},"8":{"start":{"line":9,"column":0},"end":{"line":9,"column":53}},"9":{"start":{"line":10,"column":0},"end":{"line":10,"column":98}},"10":{"start":{"line":11,"column":0},"end":{"line":11,"column":10}},"11":{"start":{"line":12,"column":0},"end":{"line":12,"column":12}},"12":{"start":{"line":13,"column":0},"end":{"line":13,"column":52}},"13":{"start":{"line":14,"column":0},"end":{"line":14,"column":107}},"14":{"start":{"line":15,"column":0},"end":{"line":15,"column":10}},"15":{"start":{"line":16,"column":0},"end":{"line":16,"column":5}},"16":{"start":{"line":17,"column":0},"end":{"line":17,"column":1}}},"s":{"0":1,"1":1,"2":1,"3":1,"4":7,"5":7,"6":7,"7":2,"8":5,"9":4,"10":2,"11":7,"12":5,"13":15,"14":5,"15":5,"16":7},"branchMap":{"0":{"type":"branch","line":4,"loc":{"start":{"line":4,"column":34},"end":{"line":17,"column":1}},"locations":[{"start":{"line":4,"column":34},"end":{"line":17,"column":1}}]},"1":{"type":"branch","line":7,"loc":{"start":{"line":7,"column":35},"end":{"line":12,"column":5}},"locations":[{"start":{"line":7,"column":35},"end":{"line":12,"column":5}}]},"2":{"type":"branch","line":12,"loc":{"start":{"line":12,"column":5},"end":{"line":16,"column":5}},"locations":[{"start":{"line":12,"column":5},"end":{"line":16,"column":5}}]},"3":{"type":"branch","line":8,"loc":{"start":{"line":8,"column":42},"end":{"line":10,"column":98}},"locations":[{"start":{"line":8,"column":42},"end":{"line":10,"column":98}}]},"4":{"type":"branch","line":9,"loc":{"start":{"line":9,"column":50},"end":{"line":10,"column":98}},"locations":[{"start":{"line":9,"column":50},"end":{"line":10,"column":98}}]},"5":{"type":"branch","line":10,"loc":{"start":{"line":10,"column":44},"end":{"line":10,"column":97}},"locations":[{"start":{"line":10,"column":44},"end":{"line":10,"column":97}}]},"6":{"type":"branch","line":13,"loc":{"start":{"line":13,"column":42},"end":{"line":14,"column":107}},"locations":[{"start":{"line":13,"column":42},"end":{"line":14,"column":107}}]},"7":{"type":"branch","line":14,"loc":{"start":{"line":14,"column":44},"end":{"line":14,"column":106}},"locations":[{"start":{"line":14,"column":44},"end":{"line":14,"column":106}}]}},"b":{"0":[7],"1":[2],"2":[5],"3":[5],"4":[4],"5":[4],"6":[15],"7":[12]},"fnMap":{"0":{"name":"verificaCarnivoros","decl":{"start":{"line":4,"column":34},"end":{"line":17,"column":1}},"loc":{"start":{"line":4,"column":34},"end":{"line":17,"column":1}},"line":4}},"f":{"0":7}}
,"/home/naty/Documentos/StartDB2024/src/utils/verificacoes.js": {"path":"/home/naty/Documentos/StartDB2024/src/utils/verificacoes.js","all":false,"statementMap":{"0":{"start":{"line":1,"column":0},"end":{"line":1,"column":41}},"1":{"start":{"line":2,"column":0},"end":{"line":2,"column":0}},"2":{"start":{"line":3,"column":0},"end":{"line":3,"column":59}},"3":{"start":{"line":4,"column":0},"end":{"line":4,"column":31}},"4":{"start":{"line":5,"column":0},"end":{"line":5,"column":43}},"5":{"start":{"line":6,"column":0},"end":{"line":6,"column":66}},"6":{"start":{"line":7,"column":0},"end":{"line":7,"column":47}},"7":{"start":{"line":8,"column":0},"end":{"line":8,"column":12}},"8":{"start":{"line":9,"column":0},"end":{"line":9,"column":20}},"9":{"start":{"line":10,"column":0},"end":{"line":10,"column":5}},"10":{"start":{"line":11,"column":0},"end":{"line":11,"column":2}}},"s":{"0":1,"1":1,"2":1,"3":9,"4":1,"5":9,"6":1,"7":8,"8":7,"9":7,"10":9},"branchMap":{"0":{"type":"branch","line":3,"loc":{"start":{"line":3,"column":34},"end":{"line":11,"column":2}},"locations":[{"start":{"line":3,"column":34},"end":{"line":11,"column":2}}]},"1":{"type":"branch","line":4,"loc":{"start":{"line":4,"column":30},"end":{"line":6,"column":5}},"locations":[{"start":{"line":4,"column":30},"end":{"line":6,"column":5}}]},"2":{"type":"branch","line":6,"loc":{"start":{"line":6,"column":5},"end":{"line":10,"column":5}},"locations":[{"start":{"line":6,"column":5},"end":{"line":10,"column":5}}]},"3":{"type":"branch","line":6,"loc":{"start":{"line":6,"column":30},"end":{"line":6,"column":63}},"locations":[{"start":{"line":6,"column":30},"end":{"line":6,"column":63}}]},"4":{"type":"branch","line":6,"loc":{"start":{"line":6,"column":65},"end":{"line":8,"column":5}},"locations":[{"start":{"line":6,"column":65},"end":{"line":8,"column":5}}]},"5":{"type":"branch","line":8,"loc":{"start":{"line":8,"column":5},"end":{"line":10,"column":5}},"locations":[{"start":{"line":8,"column":5},"end":{"line":10,"column":5}}]}},"b":{"0":[9],"1":[1],"2":[8],"3":[7],"4":[1],"5":[7]},"fnMap":{"0":{"name":"verificaParametros","decl":{"start":{"line":3,"column":34},"end":{"line":11,"column":2}},"loc":{"start":{"line":3,"column":34},"end":{"line":11,"column":2}},"line":3}},"f":{"0":9}}
}
