TN:
SF:src/recintos-zoo.js
FN:6,analisaRecintos
FNF:1
FNH:1
FNDA:9,analisaRecintos
DA:1,1
DA:2,1
DA:3,1
DA:4,1
DA:5,1
DA:6,1
DA:7,9
DA:8,9
DA:9,9
DA:10,9
DA:11,2
DA:12,2
DA:13,7
DA:14,7
DA:15,7
DA:16,9
DA:17,1
DA:18,1
DA:19,6
DA:20,9
DA:21,1
DA:22,1
DA:23,1
DA:24,1
DA:25,9
DA:26,1
DA:27,1
DA:28,3
DA:29,2
DA:30,2
DA:31,1
DA:32,1
DA:33,5
DA:34,4
DA:35,4
DA:36,9
DA:37,1
DA:38,1
DA:39,1
DA:40,1
LF:40
LH:40
BRDA:6,0,0,9
BRDA:10,1,0,2
BRDA:12,2,0,7
BRDA:16,3,0,1
BRDA:18,4,0,6
BRDA:20,5,0,2
BRDA:20,6,0,1
BRDA:25,7,0,5
BRDA:25,8,0,1
BRDA:33,9,0,4
BRDA:21,10,0,3
BRDA:24,11,0,2
BRDA:27,12,0,3
BRDA:28,13,0,2
BRDA:32,14,0,2
BRDA:34,15,0,7
BRF:16
BRH:16
end_of_record
TN:
SF:src/data/animais.js
FNF:0
FNH:0
DA:1,1
DA:2,1
DA:3,1
DA:4,1
DA:5,1
DA:6,1
DA:7,1
DA:8,1
DA:9,1
DA:10,1
LF:10
LH:10
BRF:0
BRH:0
end_of_record
TN:
SF:src/data/recintos.js
FNF:0
FNH:0
DA:1,1
DA:2,1
DA:3,1
DA:4,1
DA:5,1
DA:6,1
DA:7,1
DA:8,1
DA:9,1
LF:9
LH:9
BRF:0
BRH:0
end_of_record
TN:
SF:src/utils/recintosConfortaveis.js
FN:4,recintosConfortaveis
FNF:1
FNH:1
FNDA:7,recintosConfortaveis
DA:1,1
DA:2,1
DA:3,1
DA:4,1
DA:5,7
DA:6,7
DA:7,7
DA:8,35
DA:9,7
DA:10,7
DA:11,7
DA:12,24
DA:13,19
DA:14,24
DA:15,24
DA:16,24
DA:17,24
DA:18,24
DA:19,24
DA:20,24
DA:21,24
DA:22,20
DA:23,20
DA:24,20
DA:25,20
DA:26,20
DA:27,4
DA:28,7
DA:29,7
DA:30,7
DA:31,7
LF:31
LH:31
BRDA:4,0,0,7
BRDA:7,1,0,35
BRDA:8,2,0,36
BRDA:11,3,0,24
BRDA:16,4,0,19
BRDA:16,5,0,14
BRDA:16,6,0,10
BRDA:21,7,0,20
BRDA:26,8,0,4
BRDA:12,9,0,19
BRDA:16,10,0,19
BRDA:28,11,0,24
BRF:12
BRH:12
end_of_record
TN:
SF:src/utils/verificaCarnivoros.js
FN:4,verificaCarnivoros
FNF:1
FNH:1
FNDA:7,verificaCarnivoros
DA:1,1
DA:2,1
DA:3,1
DA:4,1
DA:5,7
DA:6,7
DA:7,7
DA:8,2
DA:9,5
DA:10,4
DA:11,2
DA:12,7
DA:13,5
DA:14,15
DA:15,5
DA:16,5
DA:17,7
LF:17
LH:17
BRDA:4,0,0,7
BRDA:7,1,0,2
BRDA:12,2,0,5
BRDA:8,3,0,5
BRDA:9,4,0,4
BRDA:10,5,0,4
BRDA:13,6,0,15
BRDA:14,7,0,12
BRF:8
BRH:8
end_of_record
TN:
SF:src/utils/verificacoes.js
FN:3,verificaParametros
FNF:1
FNH:1
FNDA:9,verificaParametros
DA:1,1
DA:2,1
DA:3,1
DA:4,9
DA:5,1
DA:6,9
DA:7,1
DA:8,8
DA:9,7
DA:10,7
DA:11,9
LF:11
LH:11
BRDA:3,0,0,9
BRDA:4,1,0,1
BRDA:6,2,0,8
BRDA:6,3,0,7
BRDA:6,4,0,1
BRDA:8,5,0,7
BRF:6
BRH:6
end_of_record
